<?xml version="1.0" encoding="UTF-8"?>
<!-- Generated by org.testng.reporters.JUnitReportReporter -->
<testsuite hostname="DESKTOP-BUGKGO7" failures="0" tests="1" name="com.reqres.tests.ReqresApiTests" time="1.851" errors="0" timestamp="2025-04-28T19:56:04 IST" skipped="0">
  <testcase classname="com.reqres.tests.ReqresApiTests" name="testGetUser" time="1.851"/>
  <system-out/>
</testsuite> <!-- com.reqres.tests.ReqresApiTests -->
