<?xml version="1.0" encoding="UTF-8"?>
<!-- Generated by org.testng.reporters.JUnitReportReporter -->
<testsuite hostname="DESKTOP-BUGKGO7" failures="0" tests="4" name="com.reqres.tests.ReqresApiTests" time="3.207" errors="0" timestamp="2025-04-25T13:31:22 IST" skipped="0">
  <testcase classname="com.reqres.tests.ReqresApiTests" name="testGetUser" time="0.123"/>
  <system-out/>
  <testcase classname="com.reqres.tests.ReqresApiTests" name="testCreateUser" time="2.277"/>
  <system-out/>
  <testcase classname="com.reqres.tests.ReqresApiTests" name="testDeleteUser" time="0.399"/>
  <system-out/>
  <testcase classname="com.reqres.tests.ReqresApiTests" name="testUpdateUser" time="0.408"/>
  <system-out/>
</testsuite> <!-- com.reqres.tests.ReqresApiTests -->
